<?xml version="1.0" encoding="UTF-8"?>
<!-- Generated by org.testng.reporters.JUnitReportReporter -->
<testsuite hostname="DESKTOP-0OLF8T5" failures="0" tests="3" name="com.qa.hubspot.tests.HomePageTest" time="6.000" errors="0" timestamp="31 May 2020 18:32:43 GMT" skipped="0">
  <testcase classname="com.qa.hubspot.tests.HomePageTest" name="verifyHeaderTextTest" time="5.125"/>
  <testcase classname="com.qa.hubspot.tests.HomePageTest" name="verifyLoggedInUserNameTest" time="0.859"/>
  <testcase classname="com.qa.hubspot.tests.HomePageTest" name="verifyPageTileTest" time="0.016"/>
</testsuite> <!-- com.qa.hubspot.tests.HomePageTest -->
